============================= test session starts ==============================
platform linux -- Python 3.11.14, pytest-9.0.2, pluggy-1.6.0 -- /opt/hostedtoolcache/Python/3.11.14/x64/bin/python
cachedir: .pytest_cache
rootdir: /home/runner/work/test/test
configfile: pytest.ini
testpaths: tests
plugins: anyio-4.12.1
collecting ... collected 3 items

tests/test_utils.py::test_add FAILED                                     [ 33%]
tests/test_utils.py::test_add_negative PASSED                            [ 66%]
tests/test_utils.py::test_add_zero PASSED                                [100%]

=================================== FAILURES ===================================
___________________________________ test_add ___________________________________

    def test_add():
>       assert add(1, 2) == 0
E       assert 3 == 0
E        +  where 3 = add(1, 2)

tests/test_utils.py:4: AssertionError
=========================== short test summary info ============================
FAILED tests/test_utils.py::test_add - assert 3 == 0
 +  where 3 = add(1, 2)
========================= 1 failed, 2 passed in 0.03s ==========================
